<?xml version="1.0" encoding="UTF-8"?>
<testsuite xmlns:xsi="http://www.w3.org/2001/XMLSchema-instance" xsi:noNamespaceSchemaLocation="https://maven.apache.org/surefire/maven-surefire-plugin/xsd/surefire-test-report.xsd" name="com.notthebest.demo.controller.PersonControllerDiffblueTest" time="4.694" tests="5" errors="0" skipped="3" failures="0">
  <properties>
[...]
</properties>
  <testcase name="testAddPeopleToRepo" classname="com.notthebest.demo.controller.PersonControllerDiffblueTest" time="0">
    <skipped message="TODO: Complete this test"/>
    <system-out><![CDATA[13:21:02.114 [main] DEBUG org.springframework.test.context.BootstrapUtils - Instantiating CacheAwareContextLoaderDelegate from class [org.springframework.test.context.cache.DefaultCacheAwareContextLoaderDelegate]
13:21:02.179 [main] DEBUG org.springframework.test.context.BootstrapUtils - Instantiating BootstrapContext using constructor [public org.springframework.test.context.support.DefaultBootstrapContext(java.lang.Class,org.springframework.test.context.CacheAwareContextLoaderDelegate)]
13:21:02.284 [main] DEBUG org.springframework.test.context.BootstrapUtils - Instantiating TestContextBootstrapper for test class [com.notthebest.demo.controller.PersonControllerDiffblueTest] from class [org.springframework.test.context.support.DefaultTestContextBootstrapper]
13:21:02.369 [main] DEBUG org.springframework.test.context.support.AbstractDelegatingSmartContextLoader - Delegating to AnnotationConfigContextLoader to process context configuration [ContextConfigurationAttributes@18151a14 declaringClass = 'com.notthebest.demo.controller.PersonControllerDiffblueTest', classes = '{class com.notthebest.demo.controller.PersonController}', locations = '{}', inheritLocations = true, initializers = '{}', inheritInitializers = true, name = [null], contextLoaderClass = 'org.springframework.test.context.ContextLoader'].
13:21:02.581 [main] DEBUG org.springframework.test.context.support.ActiveProfilesUtils - Could not find an 'annotation declaring class' for annotation type [org.springframework.test.context.ActiveProfiles] and class [com.notthebest.demo.controller.PersonControllerDiffblueTest]
13:21:02.584 [main] DEBUG org.springframework.test.context.support.DefaultTestContextBootstrapper - @TestExecutionListeners is not present for class [com.notthebest.demo.controller.PersonControllerDiffblueTest]: using defaults.
13:21:02.585 [main] INFO org.springframework.test.context.support.DefaultTestContextBootstrapper - Loaded default TestExecutionListener class names from location [META-INF/spring.factories]: [org.springframework.boot.test.mock.mockito.MockitoTestExecutionListener, org.springframework.boot.test.mock.mockito.ResetMocksTestExecutionListener, org.springframework.boot.test.autoconfigure.restdocs.RestDocsTestExecutionListener, org.springframework.boot.test.autoconfigure.web.client.MockRestServiceServerResetTestExecutionListener, org.springframework.boot.test.autoconfigure.web.servlet.MockMvcPrintOnlyOnFailureTestExecutionListener, org.springframework.boot.test.autoconfigure.web.servlet.WebDriverTestExecutionListener, org.springframework.boot.test.autoconfigure.webservices.client.MockWebServiceServerTestExecutionListener, org.springframework.test.context.web.ServletTestExecutionListener, org.springframework.test.context.support.DirtiesContextBeforeModesTestExecutionListener, org.springframework.test.context.support.DependencyInjectionTestExecutionListener, org.springframework.test.context.support.DirtiesContextTestExecutionListener, org.springframework.test.context.transaction.TransactionalTestExecutionListener, org.springframework.test.context.jdbc.SqlScriptsTestExecutionListener, org.springframework.test.context.event.EventPublishingTestExecutionListener]
13:21:02.653 [main] INFO org.springframework.test.context.support.DefaultTestContextBootstrapper - Using TestExecutionListeners: [org.springframework.test.context.web.ServletTestExecutionListener@5bfc257, org.springframework.test.context.support.DirtiesContextBeforeModesTestExecutionListener@34523d46, org.springframework.boot.test.mock.mockito.MockitoTestExecutionListener@7cedfa63, org.springframework.test.context.support.DependencyInjectionTestExecutionListener@3e83c18, org.springframework.test.context.support.DirtiesContextTestExecutionListener@783efb48, org.springframework.test.context.transaction.TransactionalTestExecutionListener@5d235104, org.springframework.test.context.jdbc.SqlScriptsTestExecutionListener@4e8e8621, org.springframework.test.context.event.EventPublishingTestExecutionListener@c446b14, org.springframework.boot.test.mock.mockito.ResetMocksTestExecutionListener@3af356f, org.springframework.boot.test.autoconfigure.restdocs.RestDocsTestExecutionListener@4443ef6f, org.springframework.boot.test.autoconfigure.web.client.MockRestServiceServerResetTestExecutionListener@7e46d648, org.springframework.boot.test.autoconfigure.web.servlet.MockMvcPrintOnlyOnFailureTestExecutionListener@51751e5f, org.springframework.boot.test.autoconfigure.web.servlet.WebDriverTestExecutionListener@2b0b4d53, org.springframework.boot.test.autoconfigure.webservices.client.MockWebServiceServerTestExecutionListener@7068f7ca]
13:21:02.661 [main] DEBUG org.springframework.test.context.support.AbstractDirtiesContextTestExecutionListener - Before test class: context [DefaultTestContext@12db3386 testClass = PersonControllerDiffblueTest, testInstance = [null], testMethod = [null], testException = [null], mergedContextConfiguration = [MergedContextConfiguration@4078695f testClass = PersonControllerDiffblueTest, locations = '{}', classes = '{class com.notthebest.demo.controller.PersonController}', contextInitializerClasses = '[]', activeProfiles = '{}', propertySourceLocations = '{}', propertySourceProperties = '{}', contextCustomizers = set[org.springframework.boot.test.context.filter.ExcludeFilterContextCustomizer@51e37590, org.springframework.boot.test.json.DuplicateJsonObjectContextCustomizerFactory$DuplicateJsonObjectContextCustomizer@73aff8f1, org.springframework.boot.test.mock.mockito.MockitoContextCustomizer@26a5ad48, org.springframework.boot.test.autoconfigure.properties.PropertyMappingContextCustomizer@0, org.springframework.boot.test.autoconfigure.web.servlet.WebDriverContextCustomizerFactory$Customizer@29a23c3d], contextLoader = 'org.springframework.test.context.support.DelegatingSmartContextLoader', parent = [null]], attributes = map[[empty]]], class annotated with @DirtiesContext [false] with mode [null].
13:21:02.700 [main] DEBUG org.springframework.test.context.support.AbstractDelegatingSmartContextLoader - Delegating to AnnotationConfigContextLoader to load context from [MergedContextConfiguration@4078695f testClass = PersonControllerDiffblueTest, locations = '{}', classes = '{class com.notthebest.demo.controller.PersonController}', contextInitializerClasses = '[]', activeProfiles = '{}', propertySourceLocations = '{}', propertySourceProperties = '{}', contextCustomizers = set[org.springframework.boot.test.context.filter.ExcludeFilterContextCustomizer@51e37590, org.springframework.boot.test.json.DuplicateJsonObjectContextCustomizerFactory$DuplicateJsonObjectContextCustomizer@73aff8f1, org.springframework.boot.test.mock.mockito.MockitoContextCustomizer@26a5ad48, org.springframework.boot.test.autoconfigure.properties.PropertyMappingContextCustomizer@0, org.springframework.boot.test.autoconfigure.web.servlet.WebDriverContextCustomizerFactory$Customizer@29a23c3d], contextLoader = 'org.springframework.test.context.support.DelegatingSmartContextLoader', parent = [null]].
13:21:02.701 [main] DEBUG org.springframework.test.context.support.AbstractGenericContextLoader - Loading ApplicationContext for merged context configuration [[MergedContextConfiguration@4078695f testClass = PersonControllerDiffblueTest, locations = '{}', classes = '{class com.notthebest.demo.controller.PersonController}', contextInitializerClasses = '[]', activeProfiles = '{}', propertySourceLocations = '{}', propertySourceProperties = '{}', contextCustomizers = set[org.springframework.boot.test.context.filter.ExcludeFilterContextCustomizer@51e37590, org.springframework.boot.test.json.DuplicateJsonObjectContextCustomizerFactory$DuplicateJsonObjectContextCustomizer@73aff8f1, org.springframework.boot.test.mock.mockito.MockitoContextCustomizer@26a5ad48, org.springframework.boot.test.autoconfigure.properties.PropertyMappingContextCustomizer@0, org.springframework.boot.test.autoconfigure.web.servlet.WebDriverContextCustomizerFactory$Customizer@29a23c3d], contextLoader = 'org.springframework.test.context.support.DelegatingSmartContextLoader', parent = [null]]].
13:21:02.862 [main] DEBUG org.springframework.core.env.StandardEnvironment - Activating profiles []
13:21:02.862 [main] DEBUG org.springframework.test.context.support.AnnotationConfigContextLoader - Registering component classes: {class com.notthebest.demo.controller.PersonController}
13:21:02.980 [main] DEBUG org.springframework.context.support.GenericApplicationContext - Refreshing org.springframework.context.support.GenericApplicationContext@3afae281
13:21:03.019 [main] DEBUG org.springframework.beans.factory.support.DefaultListableBeanFactory - Creating shared instance of singleton bean 'org.springframework.context.annotation.internalConfigurationAnnotationProcessor'
13:21:03.391 [main] DEBUG org.springframework.beans.factory.support.DefaultListableBeanFactory - Creating shared instance of singleton bean 'org.springframework.boot.test.mock.mockito.MockitoPostProcessor'
13:21:04.664 [main] DEBUG org.springframework.beans.factory.support.DefaultListableBeanFactory - Creating shared instance of singleton bean 'org.springframework.context.event.internalEventListenerProcessor'
13:21:04.667 [main] DEBUG org.springframework.beans.factory.support.DefaultListableBeanFactory - Creating shared instance of singleton bean 'org.springframework.context.event.internalEventListenerFactory'
13:21:04.672 [main] DEBUG org.springframework.beans.factory.support.DefaultListableBeanFactory - Creating shared instance of singleton bean 'org.springframework.context.annotation.internalAutowiredAnnotationProcessor'
13:21:04.675 [main] DEBUG org.springframework.beans.factory.support.DefaultListableBeanFactory - Creating shared instance of singleton bean 'org.springframework.context.annotation.internalCommonAnnotationProcessor'
13:21:04.686 [main] DEBUG org.springframework.beans.factory.support.DefaultListableBeanFactory - Creating shared instance of singleton bean 'org.springframework.context.annotation.internalPersistenceAnnotationProcessor'
13:21:04.688 [main] DEBUG org.springframework.beans.factory.support.DefaultListableBeanFactory - Creating shared instance of singleton bean 'org.springframework.boot.test.mock.mockito.MockitoPostProcessor$SpyPostProcessor'
13:21:04.739 [main] DEBUG org.springframework.beans.factory.support.DefaultListableBeanFactory - Creating shared instance of singleton bean 'personController'
13:21:04.848 [main] DEBUG org.springframework.test.context.cache.DefaultCacheAwareContextLoaderDelegate - Storing ApplicationContext [989520513] in cache under key [[MergedContextConfiguration@4078695f testClass = PersonControllerDiffblueTest, locations = '{}', classes = '{class com.notthebest.demo.controller.PersonController}', contextInitializerClasses = '[]', activeProfiles = '{}', propertySourceLocations = '{}', propertySourceProperties = '{}', contextCustomizers = set[org.springframework.boot.test.context.filter.ExcludeFilterContextCustomizer@51e37590, org.springframework.boot.test.json.DuplicateJsonObjectContextCustomizerFactory$DuplicateJsonObjectContextCustomizer@73aff8f1, org.springframework.boot.test.mock.mockito.MockitoContextCustomizer@26a5ad48, org.springframework.boot.test.autoconfigure.properties.PropertyMappingContextCustomizer@0, org.springframework.boot.test.autoconfigure.web.servlet.WebDriverContextCustomizerFactory$Customizer@29a23c3d], contextLoader = 'org.springframework.test.context.support.DelegatingSmartContextLoader', parent = [null]]]
13:21:04.848 [main] DEBUG org.springframework.test.context.cache - Spring test ApplicationContext cache statistics: [DefaultContextCache@64bba0eb size = 1, maxSize = 32, parentContextCount = 0, hitCount = 0, missCount = 1]
13:21:04.855 [main] DEBUG org.springframework.test.context.support.DependencyInjectionTestExecutionListener - Performing dependency injection for test context [[DefaultTestContext@12db3386 testClass = PersonControllerDiffblueTest, testInstance = com.notthebest.demo.controller.PersonControllerDiffblueTest@4c56644f, testMethod = [null], testException = [null], mergedContextConfiguration = [MergedContextConfiguration@4078695f testClass = PersonControllerDiffblueTest, locations = '{}', classes = '{class com.notthebest.demo.controller.PersonController}', contextInitializerClasses = '[]', activeProfiles = '{}', propertySourceLocations = '{}', propertySourceProperties = '{}', contextCustomizers = set[org.springframework.boot.test.context.filter.ExcludeFilterContextCustomizer@51e37590, org.springframework.boot.test.json.DuplicateJsonObjectContextCustomizerFactory$DuplicateJsonObjectContextCustomizer@73aff8f1, org.springframework.boot.test.mock.mockito.MockitoContextCustomizer@26a5ad48, org.springframework.boot.test.autoconfigure.properties.PropertyMappingContextCustomizer@0, org.springframework.boot.test.autoconfigure.web.servlet.WebDriverContextCustomizerFactory$Customizer@29a23c3d], contextLoader = 'org.springframework.test.context.support.DelegatingSmartContextLoader', parent = [null]], attributes = map[[empty]]]].
13:21:04.856 [main] DEBUG org.springframework.test.context.cache.DefaultCacheAwareContextLoaderDelegate - Retrieved ApplicationContext [989520513] from cache with key [[MergedContextConfiguration@4078695f testClass = PersonControllerDiffblueTest, locations = '{}', classes = '{class com.notthebest.demo.controller.PersonController}', contextInitializerClasses = '[]', activeProfiles = '{}', propertySourceLocations = '{}', propertySourceProperties = '{}', contextCustomizers = set[org.springframework.boot.test.context.filter.ExcludeFilterContextCustomizer@51e37590, org.springframework.boot.test.json.DuplicateJsonObjectContextCustomizerFactory$DuplicateJsonObjectContextCustomizer@73aff8f1, org.springframework.boot.test.mock.mockito.MockitoContextCustomizer@26a5ad48, org.springframework.boot.test.autoconfigure.properties.PropertyMappingContextCustomizer@0, org.springframework.boot.test.autoconfigure.web.servlet.WebDriverContextCustomizerFactory$Customizer@29a23c3d], contextLoader = 'org.springframework.test.context.support.DelegatingSmartContextLoader', parent = [null]]]
13:21:04.857 [main] DEBUG org.springframework.test.context.cache - Spring test ApplicationContext cache statistics: [DefaultContextCache@64bba0eb size = 1, maxSize = 32, parentContextCount = 0, hitCount = 1, missCount = 1]
13:21:04.874 [main] DEBUG org.springframework.test.context.cache.DefaultCacheAwareContextLoaderDelegate - Retrieved ApplicationContext [989520513] from cache with key [[MergedContextConfiguration@4078695f testClass = PersonControllerDiffblueTest, locations = '{}', classes = '{class com.notthebest.demo.controller.PersonController}', contextInitializerClasses = '[]', activeProfiles = '{}', propertySourceLocations = '{}', propertySourceProperties = '{}', contextCustomizers = set[org.springframework.boot.test.context.filter.ExcludeFilterContextCustomizer@51e37590, org.springframework.boot.test.json.DuplicateJsonObjectContextCustomizerFactory$DuplicateJsonObjectContextCustomizer@73aff8f1, org.springframework.boot.test.mock.mockito.MockitoContextCustomizer@26a5ad48, org.springframework.boot.test.autoconfigure.properties.PropertyMappingContextCustomizer@0, org.springframework.boot.test.autoconfigure.web.servlet.WebDriverContextCustomizerFactory$Customizer@29a23c3d], contextLoader = 'org.springframework.test.context.support.DelegatingSmartContextLoader', parent = [null]]]
13:21:04.874 [main] DEBUG org.springframework.test.context.cache - Spring test ApplicationContext cache statistics: [DefaultContextCache@64bba0eb size = 1, maxSize = 32, parentContextCount = 0, hitCount = 2, missCount = 1]
]]></system-out>
  </testcase>
  <testcase name="testTest" classname="com.notthebest.demo.controller.PersonControllerDiffblueTest" time="0.12"/>
  <testcase name="testAddPeoplePage" classname="com.notthebest.demo.controller.PersonControllerDiffblueTest" time="0">
    <skipped message="TODO: Complete this test"/>
    <system-out><![CDATA[13:21:05.034 [main] DEBUG org.springframework.test.context.cache.DefaultCacheAwareContextLoaderDelegate - Retrieved ApplicationContext [989520513] from cache with key [[MergedContextConfiguration@4078695f testClass = PersonControllerDiffblueTest, locations = '{}', classes = '{class com.notthebest.demo.controller.PersonController}', contextInitializerClasses = '[]', activeProfiles = '{}', propertySourceLocations = '{}', propertySourceProperties = '{}', contextCustomizers = set[org.springframework.boot.test.context.filter.ExcludeFilterContextCustomizer@51e37590, org.springframework.boot.test.json.DuplicateJsonObjectContextCustomizerFactory$DuplicateJsonObjectContextCustomizer@73aff8f1, org.springframework.boot.test.mock.mockito.MockitoContextCustomizer@26a5ad48, org.springframework.boot.test.autoconfigure.properties.PropertyMappingContextCustomizer@0, org.springframework.boot.test.autoconfigure.web.servlet.WebDriverContextCustomizerFactory$Customizer@29a23c3d], contextLoader = 'org.springframework.test.context.support.DelegatingSmartContextLoader', parent = [null]]]
13:21:05.034 [main] DEBUG org.springframework.test.context.cache - Spring test ApplicationContext cache statistics: [DefaultContextCache@64bba0eb size = 1, maxSize = 32, parentContextCount = 0, hitCount = 15, missCount = 1]
13:21:05.034 [main] DEBUG org.springframework.test.context.support.DependencyInjectionTestExecutionListener - Performing dependency injection for test context [[DefaultTestContext@12db3386 testClass = PersonControllerDiffblueTest, testInstance = com.notthebest.demo.controller.PersonControllerDiffblueTest@54463380, testMethod = [null], testException = [null], mergedContextConfiguration = [MergedContextConfiguration@4078695f testClass = PersonControllerDiffblueTest, locations = '{}', classes = '{class com.notthebest.demo.controller.PersonController}', contextInitializerClasses = '[]', activeProfiles = '{}', propertySourceLocations = '{}', propertySourceProperties = '{}', contextCustomizers = set[org.springframework.boot.test.context.filter.ExcludeFilterContextCustomizer@51e37590, org.springframework.boot.test.json.DuplicateJsonObjectContextCustomizerFactory$DuplicateJsonObjectContextCustomizer@73aff8f1, org.springframework.boot.test.mock.mockito.MockitoContextCustomizer@26a5ad48, org.springframework.boot.test.autoconfigure.properties.PropertyMappingContextCustomizer@0, org.springframework.boot.test.autoconfigure.web.servlet.WebDriverContextCustomizerFactory$Customizer@29a23c3d], contextLoader = 'org.springframework.test.context.support.DelegatingSmartContextLoader', parent = [null]], attributes = map[[empty]]]].
13:21:05.035 [main] DEBUG org.springframework.test.context.cache.DefaultCacheAwareContextLoaderDelegate - Retrieved ApplicationContext [989520513] from cache with key [[MergedContextConfiguration@4078695f testClass = PersonControllerDiffblueTest, locations = '{}', classes = '{class com.notthebest.demo.controller.PersonController}', contextInitializerClasses = '[]', activeProfiles = '{}', propertySourceLocations = '{}', propertySourceProperties = '{}', contextCustomizers = set[org.springframework.boot.test.context.filter.ExcludeFilterContextCustomizer@51e37590, org.springframework.boot.test.json.DuplicateJsonObjectContextCustomizerFactory$DuplicateJsonObjectContextCustomizer@73aff8f1, org.springframework.boot.test.mock.mockito.MockitoContextCustomizer@26a5ad48, org.springframework.boot.test.autoconfigure.properties.PropertyMappingContextCustomizer@0, org.springframework.boot.test.autoconfigure.web.servlet.WebDriverContextCustomizerFactory$Customizer@29a23c3d], contextLoader = 'org.springframework.test.context.support.DelegatingSmartContextLoader', parent = [null]]]
13:21:05.035 [main] DEBUG org.springframework.test.context.cache - Spring test ApplicationContext cache statistics: [DefaultContextCache@64bba0eb size = 1, maxSize = 32, parentContextCount = 0, hitCount = 16, missCount = 1]
13:21:05.039 [main] DEBUG org.springframework.test.context.cache.DefaultCacheAwareContextLoaderDelegate - Retrieved ApplicationContext [989520513] from cache with key [[MergedContextConfiguration@4078695f testClass = PersonControllerDiffblueTest, locations = '{}', classes = '{class com.notthebest.demo.controller.PersonController}', contextInitializerClasses = '[]', activeProfiles = '{}', propertySourceLocations = '{}', propertySourceProperties = '{}', contextCustomizers = set[org.springframework.boot.test.context.filter.ExcludeFilterContextCustomizer@51e37590, org.springframework.boot.test.json.DuplicateJsonObjectContextCustomizerFactory$DuplicateJsonObjectContextCustomizer@73aff8f1, org.springframework.boot.test.mock.mockito.MockitoContextCustomizer@26a5ad48, org.springframework.boot.test.autoconfigure.properties.PropertyMappingContextCustomizer@0, org.springframework.boot.test.autoconfigure.web.servlet.WebDriverContextCustomizerFactory$Customizer@29a23c3d], contextLoader = 'org.springframework.test.context.support.DelegatingSmartContextLoader', parent = [null]]]
13:21:05.040 [main] DEBUG org.springframework.test.context.cache - Spring test ApplicationContext cache statistics: [DefaultContextCache@64bba0eb size = 1, maxSize = 32, parentContextCount = 0, hitCount = 17, missCount = 1]
]]></system-out>
  </testcase>
  <testcase name="testGenerateMatches" classname="com.notthebest.demo.controller.PersonControllerDiffblueTest" time="0">
    <skipped message="TODO: Complete this test"/>
    <system-out><![CDATA[13:21:05.043 [main] DEBUG org.springframework.test.context.cache.DefaultCacheAwareContextLoaderDelegate - Retrieved ApplicationContext [989520513] from cache with key [[MergedContextConfiguration@4078695f testClass = PersonControllerDiffblueTest, locations = '{}', classes = '{class com.notthebest.demo.controller.PersonController}', contextInitializerClasses = '[]', activeProfiles = '{}', propertySourceLocations = '{}', propertySourceProperties = '{}', contextCustomizers = set[org.springframework.boot.test.context.filter.ExcludeFilterContextCustomizer@51e37590, org.springframework.boot.test.json.DuplicateJsonObjectContextCustomizerFactory$DuplicateJsonObjectContextCustomizer@73aff8f1, org.springframework.boot.test.mock.mockito.MockitoContextCustomizer@26a5ad48, org.springframework.boot.test.autoconfigure.properties.PropertyMappingContextCustomizer@0, org.springframework.boot.test.autoconfigure.web.servlet.WebDriverContextCustomizerFactory$Customizer@29a23c3d], contextLoader = 'org.springframework.test.context.support.DelegatingSmartContextLoader', parent = [null]]]
13:21:05.043 [main] DEBUG org.springframework.test.context.cache - Spring test ApplicationContext cache statistics: [DefaultContextCache@64bba0eb size = 1, maxSize = 32, parentContextCount = 0, hitCount = 18, missCount = 1]
13:21:05.044 [main] DEBUG org.springframework.test.context.support.DependencyInjectionTestExecutionListener - Performing dependency injection for test context [[DefaultTestContext@12db3386 testClass = PersonControllerDiffblueTest, testInstance = com.notthebest.demo.controller.PersonControllerDiffblueTest@819fb19, testMethod = [null], testException = [null], mergedContextConfiguration = [MergedContextConfiguration@4078695f testClass = PersonControllerDiffblueTest, locations = '{}', classes = '{class com.notthebest.demo.controller.PersonController}', contextInitializerClasses = '[]', activeProfiles = '{}', propertySourceLocations = '{}', propertySourceProperties = '{}', contextCustomizers = set[org.springframework.boot.test.context.filter.ExcludeFilterContextCustomizer@51e37590, org.springframework.boot.test.json.DuplicateJsonObjectContextCustomizerFactory$DuplicateJsonObjectContextCustomizer@73aff8f1, org.springframework.boot.test.mock.mockito.MockitoContextCustomizer@26a5ad48, org.springframework.boot.test.autoconfigure.properties.PropertyMappingContextCustomizer@0, org.springframework.boot.test.autoconfigure.web.servlet.WebDriverContextCustomizerFactory$Customizer@29a23c3d], contextLoader = 'org.springframework.test.context.support.DelegatingSmartContextLoader', parent = [null]], attributes = map[[empty]]]].
13:21:05.044 [main] DEBUG org.springframework.test.context.cache.DefaultCacheAwareContextLoaderDelegate - Retrieved ApplicationContext [989520513] from cache with key [[MergedContextConfiguration@4078695f testClass = PersonControllerDiffblueTest, locations = '{}', classes = '{class com.notthebest.demo.controller.PersonController}', contextInitializerClasses = '[]', activeProfiles = '{}', propertySourceLocations = '{}', propertySourceProperties = '{}', contextCustomizers = set[org.springframework.boot.test.context.filter.ExcludeFilterContextCustomizer@51e37590, org.springframework.boot.test.json.DuplicateJsonObjectContextCustomizerFactory$DuplicateJsonObjectContextCustomizer@73aff8f1, org.springframework.boot.test.mock.mockito.MockitoContextCustomizer@26a5ad48, org.springframework.boot.test.autoconfigure.properties.PropertyMappingContextCustomizer@0, org.springframework.boot.test.autoconfigure.web.servlet.WebDriverContextCustomizerFactory$Customizer@29a23c3d], contextLoader = 'org.springframework.test.context.support.DelegatingSmartContextLoader', parent = [null]]]
13:21:05.045 [main] DEBUG org.springframework.test.context.cache - Spring test ApplicationContext cache statistics: [DefaultContextCache@64bba0eb size = 1, maxSize = 32, parentContextCount = 0, hitCount = 19, missCount = 1]
13:21:05.045 [main] DEBUG org.springframework.test.context.cache.DefaultCacheAwareContextLoaderDelegate - Retrieved ApplicationContext [989520513] from cache with key [[MergedContextConfiguration@4078695f testClass = PersonControllerDiffblueTest, locations = '{}', classes = '{class com.notthebest.demo.controller.PersonController}', contextInitializerClasses = '[]', activeProfiles = '{}', propertySourceLocations = '{}', propertySourceProperties = '{}', contextCustomizers = set[org.springframework.boot.test.context.filter.ExcludeFilterContextCustomizer@51e37590, org.springframework.boot.test.json.DuplicateJsonObjectContextCustomizerFactory$DuplicateJsonObjectContextCustomizer@73aff8f1, org.springframework.boot.test.mock.mockito.MockitoContextCustomizer@26a5ad48, org.springframework.boot.test.autoconfigure.properties.PropertyMappingContextCustomizer@0, org.springframework.boot.test.autoconfigure.web.servlet.WebDriverContextCustomizerFactory$Customizer@29a23c3d], contextLoader = 'org.springframework.test.context.support.DelegatingSmartContextLoader', parent = [null]]]
13:21:05.046 [main] DEBUG org.springframework.test.context.cache - Spring test ApplicationContext cache statistics: [DefaultContextCache@64bba0eb size = 1, maxSize = 32, parentContextCount = 0, hitCount = 20, missCount = 1]
]]></system-out>
  </testcase>
  <testcase name="testDeletePeopleToRepo" classname="com.notthebest.demo.controller.PersonControllerDiffblueTest" time="1.403"/>
</testsuite>