<?xml version="1.0" encoding="UTF-8"?>
<testsuite xmlns:xsi="http://www.w3.org/2001/XMLSchema-instance" xsi:noNamespaceSchemaLocation="https://maven.apache.org/surefire/maven-surefire-plugin/xsd/surefire-test-report.xsd" name="com.notthebest.demo.service.PersonServiceDiffblueTest" time="0.184" tests="7" errors="0" skipped="0" failures="0">
  <properties>
[...]
</properties>
  <testcase name="testDeletePerson" classname="com.notthebest.demo.service.PersonServiceDiffblueTest" time="0.036"/>
  <testcase name="testAddPerson" classname="com.notthebest.demo.service.PersonServiceDiffblueTest" time="0.014"/>
  <testcase name="testGenerateMatches2" classname="com.notthebest.demo.service.PersonServiceDiffblueTest" time="0.013"/>
  <testcase name="testGenerateMatches3" classname="com.notthebest.demo.service.PersonServiceDiffblueTest" time="0.022"/>
  <testcase name="testGenerateMatches4" classname="com.notthebest.demo.service.PersonServiceDiffblueTest" time="0.021"/>
  <testcase name="testGetPeople" classname="com.notthebest.demo.service.PersonServiceDiffblueTest" time="0.01"/>
  <testcase name="testGenerateMatches" classname="com.notthebest.demo.service.PersonServiceDiffblueTest" time="0.002"/>
</testsuite>